#-----------------------------------------------------------
# Vivado v2015.4 (64-bit)
# SW Build 1412921 on Wed Nov 18 09:44:32 MST 2015
# IP Build 1412160 on Tue Nov 17 13:47:24 MST 2015
# Start of session at: Thu Oct 17 14:22:17 2019
# Process ID: 28224
# Current directory: /home/hantaoz3/cs233git/FPGALab3
# Command line: vivado
# Log file: /home/hantaoz3/cs233git/FPGALab3/vivado.log
# Journal file: /home/hantaoz3/cs233git/FPGALab3/vivado.jou
#-----------------------------------------------------------
start_gui
open_project /home/hantaoz3/cs233git/FPGALab3/FPGALab3/FPGALab3.xpr
Scanning sources...
Finished scanning sources
INFO: [IP_Flow 19-234] Refreshing IP repositories
INFO: [IP_Flow 19-1704] No user IP repositories specified
INFO: [IP_Flow 19-2313] Loaded Vivado IP repository '/software/xilinx-2015/Vivado/2015.4/data/ip'.
open_project: Time (s): cpu = 00:00:12 ; elapsed = 00:00:07 . Memory (MB): peak = 5903.957 ; gain = 126.895 ; free physical = 2053 ; free virtual = 12095
update_compile_order -fileset sources_1
update_compile_order -fileset sources_1
